<?xml version="1.0" encoding="UTF-8"?>
<coverage generated="1649922040442" clover="3.2.0">
  <project timestamp="1649922040442" name="All files">
    <metrics statements="43" coveredstatements="43" conditionals="11" coveredconditionals="11" methods="10" coveredmethods="10" elements="64" coveredelements="64" complexity="0" loc="43" ncloc="43" packages="1" files="1" classes="1"/>
    <file name="index.ts" path="/home/runner/work/react-stable-state/react-stable-state/src/index.ts">
      <metrics statements="43" coveredstatements="43" conditionals="11" coveredconditionals="11" methods="10" coveredmethods="10"/>
      <line num="1" count="1" type="stmt"/>
      <line num="27" count="43" type="stmt"/>
      <line num="30" count="43" type="stmt"/>
      <line num="31" count="43" type="stmt"/>
      <line num="32" count="43" type="stmt"/>
      <line num="33" count="43" type="stmt"/>
      <line num="34" count="43" type="stmt"/>
      <line num="35" count="43" type="stmt"/>
      <line num="36" count="43" type="cond" truecount="2" falsecount="0"/>
      <line num="37" count="43" type="stmt"/>
      <line num="38" count="43" type="stmt"/>
      <line num="40" count="43" type="stmt"/>
      <line num="41" count="2" type="cond" truecount="1" falsecount="0"/>
      <line num="42" count="1" type="stmt"/>
      <line num="55" count="43" type="stmt"/>
      <line num="56" count="12" type="cond" truecount="1" falsecount="0"/>
      <line num="57" count="12" type="stmt"/>
      <line num="58" count="23" type="cond" truecount="1" falsecount="0"/>
      <line num="59" count="12" type="stmt"/>
      <line num="60" count="12" type="stmt"/>
      <line num="65" count="43" type="stmt"/>
      <line num="66" count="17" type="cond" truecount="1" falsecount="0"/>
      <line num="67" count="5" type="stmt"/>
      <line num="69" count="17" type="stmt"/>
      <line num="70" count="17" type="stmt"/>
      <line num="73" count="43" type="stmt"/>
      <line num="74" count="29" type="stmt"/>
      <line num="75" count="8" type="cond" truecount="1" falsecount="0"/>
      <line num="76" count="8" type="stmt"/>
      <line num="81" count="43" type="stmt"/>
      <line num="82" count="22" type="cond" truecount="1" falsecount="0"/>
      <line num="83" count="5" type="stmt"/>
      <line num="84" count="5" type="stmt"/>
      <line num="85" count="5" type="stmt"/>
      <line num="89" count="43" type="stmt"/>
      <line num="90" count="17" type="cond" truecount="3" falsecount="0"/>
      <line num="91" count="1" type="stmt"/>
      <line num="93" count="17" type="stmt"/>
      <line num="96" count="43" type="stmt"/>
      <line num="102" count="8" type="stmt"/>
      <line num="104" count="8" type="stmt"/>
      <line num="107" count="1" type="stmt"/>
      <line num="108" count="1" type="stmt"/>
    </file>
  </project>
</coverage>
