<?xml version="1.0" encoding="UTF-8"?>
<coverage generated="1649861565914" clover="3.2.0">
  <project timestamp="1649861565914" name="All files">
    <metrics statements="40" coveredstatements="39" conditionals="10" coveredconditionals="9" methods="9" coveredmethods="9" elements="59" coveredelements="57" complexity="0" loc="40" ncloc="40" packages="1" files="1" classes="1"/>
    <file name="index.ts" path="/home/runner/work/react-stable-state/react-stable-state/src/index.ts">
      <metrics statements="40" coveredstatements="39" conditionals="10" coveredconditionals="9" methods="9" coveredmethods="9"/>
      <line num="1" count="1" type="stmt"/>
      <line num="23" count="23" type="stmt"/>
      <line num="26" count="23" type="stmt"/>
      <line num="27" count="23" type="stmt"/>
      <line num="28" count="23" type="stmt"/>
      <line num="29" count="23" type="stmt"/>
      <line num="30" count="23" type="stmt"/>
      <line num="31" count="23" type="stmt"/>
      <line num="32" count="23" type="cond" truecount="2" falsecount="0"/>
      <line num="33" count="23" type="stmt"/>
      <line num="34" count="23" type="stmt"/>
      <line num="36" count="23" type="stmt"/>
      <line num="37" count="5" type="cond" truecount="1" falsecount="0"/>
      <line num="38" count="5" type="stmt"/>
      <line num="39" count="10" type="cond" truecount="1" falsecount="0"/>
      <line num="40" count="5" type="stmt"/>
      <line num="41" count="5" type="stmt"/>
      <line num="46" count="23" type="stmt"/>
      <line num="47" count="8" type="cond" truecount="1" falsecount="0"/>
      <line num="48" count="3" type="stmt"/>
      <line num="50" count="8" type="stmt"/>
      <line num="51" count="8" type="stmt"/>
      <line num="54" count="23" type="stmt"/>
      <line num="55" count="13" type="stmt"/>
      <line num="56" count="3" type="cond" truecount="1" falsecount="0"/>
      <line num="57" count="3" type="stmt"/>
      <line num="62" count="23" type="stmt"/>
      <line num="63" count="11" type="cond" truecount="1" falsecount="0"/>
      <line num="64" count="3" type="stmt"/>
      <line num="65" count="3" type="stmt"/>
      <line num="66" count="3" type="stmt"/>
      <line num="70" count="23" type="stmt"/>
      <line num="71" count="8" type="cond" truecount="2" falsecount="1"/>
      <line num="72" count="0" type="stmt"/>
      <line num="74" count="8" type="stmt"/>
      <line num="77" count="23" type="stmt"/>
      <line num="83" count="8" type="stmt"/>
      <line num="85" count="8" type="stmt"/>
      <line num="88" count="1" type="stmt"/>
      <line num="89" count="1" type="stmt"/>
    </file>
  </project>
</coverage>
