{"/home/runner/work/react-stable-state/react-stable-state/src/index.ts": {"path":"/home/runner/work/react-stable-state/react-stable-state/src/index.ts","statementMap":{"0":{"start":{"line":1,"column":0},"end":{"line":1,"column":59}},"1":{"start":{"line":23,"column":0},"end":{"line":23,"column":9}},"2":{"start":{"line":26,"column":28},"end":{"line":26,"column":58}},"3":{"start":{"line":26,"column":14},"end":{"line":26,"column":16}},"4":{"start":{"line":26,"column":24},"end":{"line":26,"column":28}},"5":{"start":{"line":27,"column":40},"end":{"line":27,"column":70}},"6":{"start":{"line":27,"column":20},"end":{"line":27,"column":22}},"7":{"start":{"line":27,"column":36},"end":{"line":27,"column":40}},"8":{"start":{"line":28,"column":26},"end":{"line":28,"column":44}},"9":{"start":{"line":29,"column":36},"end":{"line":29,"column":47}},"10":{"start":{"line":29,"column":18},"end":{"line":29,"column":20}},"11":{"start":{"line":29,"column":32},"end":{"line":29,"column":36}},"12":{"start":{"line":30,"column":40},"end":{"line":30,"column":55}},"13":{"start":{"line":30,"column":20},"end":{"line":30,"column":22}},"14":{"start":{"line":30,"column":36},"end":{"line":30,"column":40}},"15":{"start":{"line":31,"column":36},"end":{"line":31,"column":51}},"16":{"start":{"line":31,"column":18},"end":{"line":31,"column":20}},"17":{"start":{"line":31,"column":32},"end":{"line":31,"column":36}},"18":{"start":{"line":32,"column":28},"end":{"line":32,"column":59}},"19":{"start":{"line":32,"column":14},"end":{"line":32,"column":16}},"20":{"start":{"line":32,"column":24},"end":{"line":32,"column":28}},"21":{"start":{"line":33,"column":19},"end":{"line":33,"column":32}},"22":{"start":{"line":34,"column":26},"end":{"line":34,"column":38}},"23":{"start":{"line":36,"column":2},"end":{"line":44,"column":17}},"24":{"start":{"line":37,"column":4},"end":{"line":43,"column":null}},"25":{"start":{"line":38,"column":6},"end":{"line":42,"column":11}},"26":{"start":{"line":38,"column":7},"end":{"line":42,"column":8}},"27":{"start":{"line":39,"column":12},"end":{"line":39,"column":19}},"28":{"start":{"line":39,"column":26},"end":{"line":39,"column":35}},"29":{"start":{"line":39,"column":35},"end":{"line":39,"column":56}},"30":{"start":{"line":39,"column":26},"end":{"line":39,"column":57}},"31":{"start":{"line":40,"column":8},"end":{"line":40,"column":39}},"32":{"start":{"line":41,"column":8},"end":{"line":41,"column":32}},"33":{"start":{"line":46,"column":2},"end":{"line":52,"column":28}},"34":{"start":{"line":47,"column":4},"end":{"line":49,"column":null}},"35":{"start":{"line":48,"column":6},"end":{"line":48,"column":25}},"36":{"start":{"line":50,"column":4},"end":{"line":50,"column":41}},"37":{"start":{"line":51,"column":4},"end":{"line":51,"column":32}},"38":{"start":{"line":54,"column":2},"end":{"line":60,"column":34}},"39":{"start":{"line":55,"column":4},"end":{"line":59,"column":14}},"40":{"start":{"line":56,"column":6},"end":{"line":58,"column":null}},"41":{"start":{"line":57,"column":8},"end":{"line":57,"column":29}},"42":{"start":{"line":62,"column":2},"end":{"line":68,"column":20}},"43":{"start":{"line":63,"column":4},"end":{"line":67,"column":null}},"44":{"start":{"line":64,"column":6},"end":{"line":64,"column":28}},"45":{"start":{"line":65,"column":6},"end":{"line":65,"column":28}},"46":{"start":{"line":66,"column":6},"end":{"line":66,"column":26}},"47":{"start":{"line":70,"column":2},"end":{"line":75,"column":20}},"48":{"start":{"line":71,"column":4},"end":{"line":73,"column":null}},"49":{"start":{"line":72,"column":6},"end":{"line":72,"column":37}},"50":{"start":{"line":74,"column":4},"end":{"line":74,"column":36}},"51":{"start":{"line":77,"column":2},"end":{"line":77,"column":79}},"52":{"start":{"line":88,"column":25},"end":{"line":88,"column":44}},"53":{"start":{"line":83,"column":43},"end":{"line":83,"column":71}},"54":{"start":{"line":83,"column":15},"end":{"line":83,"column":17}},"55":{"start":{"line":83,"column":28},"end":{"line":83,"column":30}},"56":{"start":{"line":83,"column":38},"end":{"line":83,"column":43}},"57":{"start":{"line":85,"column":2},"end":{"line":85,"column":40}},"58":{"start":{"line":88,"column":9},"end":{"line":88,"column":23}},"59":{"start":{"line":89,"column":0},"end":{"line":89,"column":55}}},"fnMap":{"0":{"name":"useStableStateExtra","decl":{"start":{"line":23,"column":9},"end":{"line":23,"column":28}},"loc":{"start":{"line":24,"column":33},"end":{"line":78,"column":1}}},"1":{"name":"(anonymous_1)","decl":{"start":{"line":36,"column":12},"end":{"line":36,"column":null}},"loc":{"start":{"line":36,"column":12},"end":{"line":44,"column":3}}},"2":{"name":"(anonymous_2)","decl":{"start":{"line":38,"column":7},"end":{"line":38,"column":null}},"loc":{"start":{"line":38,"column":7},"end":{"line":42,"column":8}}},"3":{"name":"(anonymous_5)","decl":{"start":{"line":46,"column":12},"end":{"line":46,"column":null}},"loc":{"start":{"line":46,"column":12},"end":{"line":52,"column":3}}},"4":{"name":"(anonymous_6)","decl":{"start":{"line":54,"column":12},"end":{"line":54,"column":null}},"loc":{"start":{"line":54,"column":12},"end":{"line":60,"column":3}}},"5":{"name":"(anonymous_7)","decl":{"start":{"line":55,"column":15},"end":{"line":55,"column":null}},"loc":{"start":{"line":55,"column":15},"end":{"line":59,"column":5}}},"6":{"name":"(anonymous_8)","decl":{"start":{"line":62,"column":12},"end":{"line":62,"column":null}},"loc":{"start":{"line":62,"column":12},"end":{"line":68,"column":3}}},"7":{"name":"(anonymous_9)","decl":{"start":{"line":70,"column":12},"end":{"line":70,"column":null}},"loc":{"start":{"line":70,"column":12},"end":{"line":75,"column":3}}},"8":{"name":"useStableState","decl":{"start":{"line":80,"column":9},"end":{"line":80,"column":23}},"loc":{"start":{"line":81,"column":33},"end":{"line":86,"column":1}}}},"branchMap":{"0":{"loc":{"start":{"line":32,"column":37},"end":{"line":32,"column":58}},"type":"binary-expr","locations":[{"start":{"line":32,"column":37},"end":{"line":32,"column":50}},{"start":{"line":32,"column":54},"end":{"line":32,"column":58}}]},"1":{"loc":{"start":{"line":37,"column":4},"end":{"line":43,"column":null}},"type":"if","locations":[{"start":{"line":37,"column":4},"end":{"line":43,"column":null}}]},"2":{"loc":{"start":{"line":39,"column":12},"end":{"line":39,"column":19}},"type":"if","locations":[{"start":{"line":39,"column":12},"end":{"line":39,"column":19}}]},"3":{"loc":{"start":{"line":47,"column":4},"end":{"line":49,"column":null}},"type":"if","locations":[{"start":{"line":47,"column":4},"end":{"line":49,"column":null}}]},"4":{"loc":{"start":{"line":56,"column":6},"end":{"line":58,"column":null}},"type":"if","locations":[{"start":{"line":56,"column":6},"end":{"line":58,"column":null}}]},"5":{"loc":{"start":{"line":63,"column":4},"end":{"line":67,"column":null}},"type":"if","locations":[{"start":{"line":63,"column":4},"end":{"line":67,"column":null}}]},"6":{"loc":{"start":{"line":71,"column":4},"end":{"line":73,"column":null}},"type":"if","locations":[{"start":{"line":71,"column":4},"end":{"line":73,"column":null}}]},"7":{"loc":{"start":{"line":71,"column":8},"end":{"line":71,"column":64}},"type":"binary-expr","locations":[{"start":{"line":71,"column":8},"end":{"line":71,"column":32}},{"start":{"line":71,"column":36},"end":{"line":71,"column":64}}]}},"s":{"0":1,"1":23,"2":23,"3":23,"4":23,"5":23,"6":23,"7":23,"8":23,"9":23,"10":23,"11":23,"12":23,"13":23,"14":23,"15":23,"16":23,"17":23,"18":23,"19":23,"20":23,"21":23,"22":23,"23":23,"24":5,"25":5,"26":5,"27":10,"28":0,"29":0,"30":0,"31":5,"32":5,"33":23,"34":8,"35":3,"36":8,"37":8,"38":23,"39":13,"40":3,"41":3,"42":23,"43":11,"44":3,"45":3,"46":3,"47":23,"48":8,"49":0,"50":8,"51":23,"52":1,"53":8,"54":8,"55":8,"56":8,"57":8,"58":1,"59":1},"f":{"0":23,"1":5,"2":10,"3":8,"4":13,"5":3,"6":11,"7":8,"8":8},"b":{"0":[23,23],"1":[5],"2":[5],"3":[3],"4":[3],"5":[3],"6":[0],"7":[8,3]}}
}
