{"total": {"lines":{"total":40,"covered":39,"skipped":0,"pct":97.5},"statements":{"total":60,"covered":56,"skipped":0,"pct":93.33},"functions":{"total":9,"covered":9,"skipped":0,"pct":100},"branches":{"total":10,"covered":9,"skipped":0,"pct":90},"branchesTrue":{"total":0,"covered":0,"skipped":0,"pct":"Unknown"}}
,"/home/runner/work/react-stable-state/react-stable-state/src/index.ts": {"lines":{"total":40,"covered":39,"skipped":0,"pct":97.5},"functions":{"total":9,"covered":9,"skipped":0,"pct":100},"statements":{"total":60,"covered":56,"skipped":0,"pct":93.33},"branches":{"total":10,"covered":9,"skipped":0,"pct":90}}
}
