{"/home/runner/work/react-stable-state/react-stable-state/src/index.ts": {"path":"/home/runner/work/react-stable-state/react-stable-state/src/index.ts","statementMap":{"0":{"start":{"line":1,"column":0},"end":{"line":1,"column":59}},"1":{"start":{"line":27,"column":0},"end":{"line":27,"column":9}},"2":{"start":{"line":30,"column":28},"end":{"line":30,"column":58}},"3":{"start":{"line":30,"column":14},"end":{"line":30,"column":16}},"4":{"start":{"line":30,"column":24},"end":{"line":30,"column":28}},"5":{"start":{"line":31,"column":40},"end":{"line":31,"column":70}},"6":{"start":{"line":31,"column":20},"end":{"line":31,"column":22}},"7":{"start":{"line":31,"column":36},"end":{"line":31,"column":40}},"8":{"start":{"line":32,"column":26},"end":{"line":32,"column":44}},"9":{"start":{"line":33,"column":36},"end":{"line":33,"column":47}},"10":{"start":{"line":33,"column":18},"end":{"line":33,"column":20}},"11":{"start":{"line":33,"column":32},"end":{"line":33,"column":36}},"12":{"start":{"line":34,"column":40},"end":{"line":34,"column":55}},"13":{"start":{"line":34,"column":20},"end":{"line":34,"column":22}},"14":{"start":{"line":34,"column":36},"end":{"line":34,"column":40}},"15":{"start":{"line":35,"column":36},"end":{"line":35,"column":51}},"16":{"start":{"line":35,"column":18},"end":{"line":35,"column":20}},"17":{"start":{"line":35,"column":32},"end":{"line":35,"column":36}},"18":{"start":{"line":36,"column":28},"end":{"line":36,"column":59}},"19":{"start":{"line":36,"column":14},"end":{"line":36,"column":16}},"20":{"start":{"line":36,"column":24},"end":{"line":36,"column":28}},"21":{"start":{"line":37,"column":19},"end":{"line":37,"column":32}},"22":{"start":{"line":38,"column":26},"end":{"line":38,"column":38}},"23":{"start":{"line":40,"column":2},"end":{"line":53,"column":4}},"24":{"start":{"line":41,"column":4},"end":{"line":41,"column":40}},"25":{"start":{"line":41,"column":33},"end":{"line":41,"column":40}},"26":{"start":{"line":42,"column":4},"end":{"line":52,"column":6}},"27":{"start":{"line":55,"column":2},"end":{"line":63,"column":17}},"28":{"start":{"line":56,"column":4},"end":{"line":62,"column":null}},"29":{"start":{"line":57,"column":6},"end":{"line":61,"column":11}},"30":{"start":{"line":57,"column":7},"end":{"line":61,"column":8}},"31":{"start":{"line":58,"column":12},"end":{"line":58,"column":19}},"32":{"start":{"line":58,"column":26},"end":{"line":58,"column":35}},"33":{"start":{"line":58,"column":35},"end":{"line":58,"column":56}},"34":{"start":{"line":58,"column":26},"end":{"line":58,"column":57}},"35":{"start":{"line":59,"column":8},"end":{"line":59,"column":39}},"36":{"start":{"line":60,"column":8},"end":{"line":60,"column":32}},"37":{"start":{"line":65,"column":2},"end":{"line":71,"column":28}},"38":{"start":{"line":66,"column":4},"end":{"line":68,"column":null}},"39":{"start":{"line":67,"column":6},"end":{"line":67,"column":25}},"40":{"start":{"line":69,"column":4},"end":{"line":69,"column":41}},"41":{"start":{"line":70,"column":4},"end":{"line":70,"column":32}},"42":{"start":{"line":73,"column":2},"end":{"line":79,"column":34}},"43":{"start":{"line":74,"column":4},"end":{"line":78,"column":14}},"44":{"start":{"line":75,"column":6},"end":{"line":77,"column":null}},"45":{"start":{"line":76,"column":8},"end":{"line":76,"column":29}},"46":{"start":{"line":81,"column":2},"end":{"line":87,"column":20}},"47":{"start":{"line":82,"column":4},"end":{"line":86,"column":null}},"48":{"start":{"line":83,"column":6},"end":{"line":83,"column":28}},"49":{"start":{"line":84,"column":6},"end":{"line":84,"column":28}},"50":{"start":{"line":85,"column":6},"end":{"line":85,"column":26}},"51":{"start":{"line":89,"column":2},"end":{"line":94,"column":20}},"52":{"start":{"line":90,"column":4},"end":{"line":92,"column":null}},"53":{"start":{"line":91,"column":6},"end":{"line":91,"column":37}},"54":{"start":{"line":93,"column":4},"end":{"line":93,"column":36}},"55":{"start":{"line":96,"column":2},"end":{"line":96,"column":79}},"56":{"start":{"line":107,"column":25},"end":{"line":107,"column":44}},"57":{"start":{"line":102,"column":43},"end":{"line":102,"column":71}},"58":{"start":{"line":102,"column":15},"end":{"line":102,"column":17}},"59":{"start":{"line":102,"column":28},"end":{"line":102,"column":30}},"60":{"start":{"line":102,"column":38},"end":{"line":102,"column":43}},"61":{"start":{"line":104,"column":2},"end":{"line":104,"column":40}},"62":{"start":{"line":107,"column":9},"end":{"line":107,"column":23}},"63":{"start":{"line":108,"column":0},"end":{"line":108,"column":55}}},"fnMap":{"0":{"name":"useStableStateExtra","decl":{"start":{"line":27,"column":9},"end":{"line":27,"column":28}},"loc":{"start":{"line":28,"column":33},"end":{"line":97,"column":1}}},"1":{"name":"(anonymous_1)","decl":{"start":{"line":40,"column":26},"end":{"line":40,"column":27}},"loc":{"start":{"line":40,"column":32},"end":{"line":53,"column":3}}},"2":{"name":"(anonymous_2)","decl":{"start":{"line":55,"column":12},"end":{"line":55,"column":null}},"loc":{"start":{"line":55,"column":12},"end":{"line":63,"column":3}}},"3":{"name":"(anonymous_3)","decl":{"start":{"line":57,"column":7},"end":{"line":57,"column":null}},"loc":{"start":{"line":57,"column":7},"end":{"line":61,"column":8}}},"4":{"name":"(anonymous_6)","decl":{"start":{"line":65,"column":12},"end":{"line":65,"column":null}},"loc":{"start":{"line":65,"column":12},"end":{"line":71,"column":3}}},"5":{"name":"(anonymous_7)","decl":{"start":{"line":73,"column":12},"end":{"line":73,"column":null}},"loc":{"start":{"line":73,"column":12},"end":{"line":79,"column":3}}},"6":{"name":"(anonymous_8)","decl":{"start":{"line":74,"column":15},"end":{"line":74,"column":null}},"loc":{"start":{"line":74,"column":15},"end":{"line":78,"column":5}}},"7":{"name":"(anonymous_9)","decl":{"start":{"line":81,"column":12},"end":{"line":81,"column":null}},"loc":{"start":{"line":81,"column":12},"end":{"line":87,"column":3}}},"8":{"name":"(anonymous_10)","decl":{"start":{"line":89,"column":12},"end":{"line":89,"column":null}},"loc":{"start":{"line":89,"column":12},"end":{"line":94,"column":3}}},"9":{"name":"useStableState","decl":{"start":{"line":99,"column":9},"end":{"line":99,"column":23}},"loc":{"start":{"line":100,"column":33},"end":{"line":105,"column":1}}}},"branchMap":{"0":{"loc":{"start":{"line":36,"column":37},"end":{"line":36,"column":58}},"type":"binary-expr","locations":[{"start":{"line":36,"column":37},"end":{"line":36,"column":50}},{"start":{"line":36,"column":54},"end":{"line":36,"column":58}}]},"1":{"loc":{"start":{"line":41,"column":4},"end":{"line":41,"column":40}},"type":"if","locations":[{"start":{"line":41,"column":4},"end":{"line":41,"column":40}}]},"2":{"loc":{"start":{"line":56,"column":4},"end":{"line":62,"column":null}},"type":"if","locations":[{"start":{"line":56,"column":4},"end":{"line":62,"column":null}}]},"3":{"loc":{"start":{"line":58,"column":12},"end":{"line":58,"column":19}},"type":"if","locations":[{"start":{"line":58,"column":12},"end":{"line":58,"column":19}}]},"4":{"loc":{"start":{"line":66,"column":4},"end":{"line":68,"column":null}},"type":"if","locations":[{"start":{"line":66,"column":4},"end":{"line":68,"column":null}}]},"5":{"loc":{"start":{"line":75,"column":6},"end":{"line":77,"column":null}},"type":"if","locations":[{"start":{"line":75,"column":6},"end":{"line":77,"column":null}}]},"6":{"loc":{"start":{"line":82,"column":4},"end":{"line":86,"column":null}},"type":"if","locations":[{"start":{"line":82,"column":4},"end":{"line":86,"column":null}}]},"7":{"loc":{"start":{"line":90,"column":4},"end":{"line":92,"column":null}},"type":"if","locations":[{"start":{"line":90,"column":4},"end":{"line":92,"column":null}}]},"8":{"loc":{"start":{"line":90,"column":8},"end":{"line":90,"column":64}},"type":"binary-expr","locations":[{"start":{"line":90,"column":8},"end":{"line":90,"column":32}},{"start":{"line":90,"column":36},"end":{"line":90,"column":64}}]}},"s":{"0":1,"1":43,"2":43,"3":43,"4":43,"5":43,"6":43,"7":43,"8":43,"9":43,"10":43,"11":43,"12":43,"13":43,"14":43,"15":43,"16":43,"17":43,"18":43,"19":43,"20":43,"21":43,"22":43,"23":43,"24":2,"25":1,"26":1,"27":43,"28":12,"29":12,"30":12,"31":23,"32":1,"33":1,"34":1,"35":12,"36":12,"37":43,"38":17,"39":5,"40":17,"41":17,"42":43,"43":29,"44":8,"45":8,"46":43,"47":22,"48":5,"49":5,"50":5,"51":43,"52":17,"53":1,"54":17,"55":43,"56":1,"57":8,"58":8,"59":8,"60":8,"61":8,"62":1,"63":1},"f":{"0":43,"1":2,"2":12,"3":24,"4":17,"5":29,"6":8,"7":22,"8":17,"9":8},"b":{"0":[43,43],"1":[1],"2":[12],"3":[11],"4":[5],"5":[8],"6":[5],"7":[1],"8":[17,4]}}
}
