TN:
SF:src/index.ts
FN:27,useStableStateExtra
FN:40,(anonymous_1)
FN:55,(anonymous_2)
FN:57,(anonymous_3)
FN:65,(anonymous_6)
FN:73,(anonymous_7)
FN:74,(anonymous_8)
FN:81,(anonymous_9)
FN:89,(anonymous_10)
FN:99,useStableState
FNF:10
FNH:10
FNDA:43,useStableStateExtra
FNDA:2,(anonymous_1)
FNDA:12,(anonymous_2)
FNDA:24,(anonymous_3)
FNDA:17,(anonymous_6)
FNDA:29,(anonymous_7)
FNDA:8,(anonymous_8)
FNDA:22,(anonymous_9)
FNDA:17,(anonymous_10)
FNDA:8,useStableState
DA:1,1
DA:27,43
DA:30,43
DA:31,43
DA:32,43
DA:33,43
DA:34,43
DA:35,43
DA:36,43
DA:37,43
DA:38,43
DA:40,43
DA:41,2
DA:42,1
DA:55,43
DA:56,12
DA:57,12
DA:58,23
DA:59,12
DA:60,12
DA:65,43
DA:66,17
DA:67,5
DA:69,17
DA:70,17
DA:73,43
DA:74,29
DA:75,8
DA:76,8
DA:81,43
DA:82,22
DA:83,5
DA:84,5
DA:85,5
DA:89,43
DA:90,17
DA:91,1
DA:93,17
DA:96,43
DA:102,8
DA:104,8
DA:107,1
DA:108,1
LF:43
LH:43
BRDA:36,0,0,0
BRDA:36,0,1,43
BRDA:36,1,0,43
BRDA:36,1,1,43
BRDA:41,2,0,1
BRDA:56,3,0,12
BRDA:58,4,0,11
BRDA:66,5,0,5
BRDA:75,6,0,8
BRDA:82,7,0,5
BRDA:90,8,0,1
BRDA:90,9,0,17
BRDA:90,9,1,4
BRF:13
BRH:12
end_of_record
