TN:
SF:src/index.ts
FN:23,useStableStateExtra
FN:36,(anonymous_1)
FN:38,(anonymous_2)
FN:46,(anonymous_5)
FN:54,(anonymous_6)
FN:55,(anonymous_7)
FN:62,(anonymous_8)
FN:70,(anonymous_9)
FN:80,useStableState
FNF:9
FNH:9
FNDA:23,useStableStateExtra
FNDA:5,(anonymous_1)
FNDA:10,(anonymous_2)
FNDA:8,(anonymous_5)
FNDA:13,(anonymous_6)
FNDA:3,(anonymous_7)
FNDA:11,(anonymous_8)
FNDA:8,(anonymous_9)
FNDA:8,useStableState
DA:1,1
DA:23,23
DA:26,23
DA:27,23
DA:28,23
DA:29,23
DA:30,23
DA:31,23
DA:32,23
DA:33,23
DA:34,23
DA:36,23
DA:37,5
DA:38,5
DA:39,10
DA:40,5
DA:41,5
DA:46,23
DA:47,8
DA:48,3
DA:50,8
DA:51,8
DA:54,23
DA:55,13
DA:56,3
DA:57,3
DA:62,23
DA:63,11
DA:64,3
DA:65,3
DA:66,3
DA:70,23
DA:71,8
DA:72,0
DA:74,8
DA:77,23
DA:83,8
DA:85,8
DA:88,1
DA:89,1
LF:40
LH:39
BRDA:32,0,0,23
BRDA:32,0,1,23
BRDA:37,1,0,5
BRDA:39,2,0,5
BRDA:47,3,0,3
BRDA:56,4,0,3
BRDA:63,5,0,3
BRDA:71,6,0,0
BRDA:71,7,0,8
BRDA:71,7,1,3
BRF:10
BRH:9
end_of_record
